# JRE version: OpenJDK Runtime Environment Microsoft-8035246 (17.0.8+7) (build 17.0.8+7-LTS)
# Java VM: OpenJDK 64-Bit Server VM Microsoft-8035246 (17.0.8+7-LTS, mixed mode, sharing, tiered, compressed oops, compressed class ptrs, g1 gc, windows-amd64)
GC Precious Log:
 CPUs: 4 total, 4 available
 Memory: 12126M
 Large Page Support: Disabled
 NUMA Support: Disabled
 Compressed Oops: Enabled (32-bit)
 Heap Region Size: 1M
 Heap Min Capacity: 8M
 Heap Initial Capacity: 190M
 Heap Max Capacity: 2G
 Pre-touch: Disabled
 Parallel Workers: 4
 Concurrent Workers: 1
 Concurrent Refinement Workers: 4
 Periodic GC: Disabled
Heap:
 garbage-first heap   total 303104K, used 160011K [0x0000000080000000, 0x0000000100000000)
  region size 1024K, 37 young (37888K), 16 survivors (16384K)
 Metaspace       used 108280K, committed 109184K, reserved 557056K
  class space    used 14873K, committed 15296K, reserved 425984K
GC Heap History (20 events):
Event: 32.431 GC heap before
{Heap before GC invocations=33 (full 0):
 garbage-first heap   total 151552K, used 86012K [0x0000000080000000, 0x0000000100000000)
  region size 1024K, 8 young (8192K), 7 survivors (7168K)
 Metaspace       used 77501K, committed 78208K, reserved 557056K
  class space    used 10817K, committed 11136K, reserved 425984K
}
Event: 32.437 GC heap after
{Heap after GC invocations=34 (full 0):
 garbage-first heap   total 151552K, used 86682K [0x0000000080000000, 0x0000000100000000)
  region size 1024K, 1 young (1024K), 1 survivors (1024K)
 Metaspace       used 77501K, committed 78208K, reserved 557056K
  class space    used 10817K, committed 11136K, reserved 425984K
}
Event: 32.698 GC heap before
{Heap before GC invocations=34 (full 0):
 garbage-first heap   total 151552K, used 104090K [0x0000000080000000, 0x0000000100000000)
  region size 1024K, 19 young (19456K), 1 survivors (1024K)
 Metaspace       used 78800K, committed 79552K, reserved 557056K
  class space    used 10981K, committed 11328K, reserved 425984K
}
Event: 32.704 GC heap after
{Heap after GC invocations=35 (full 0):
 garbage-first heap   total 303104K, used 87778K [0x0000000080000000, 0x0000000100000000)
  region size 1024K, 2 young (2048K), 2 survivors (2048K)
 Metaspace       used 78800K, committed 79552K, reserved 557056K
  class space    used 10981K, committed 11328K, reserved 425984K
}
Event: 34.238 GC heap before
{Heap before GC invocations=35 (full 0):
 garbage-first heap   total 303104K, used 207586K [0x0000000080000000, 0x0000000100000000)
  region size 1024K, 113 young (115712K), 2 survivors (2048K)
 Metaspace       used 86852K, committed 87616K, reserved 557056K
  class space    used 12058K, committed 12416K, reserved 425984K
}
Event: 34.251 GC heap after
{Heap after GC invocations=36 (full 0):
 garbage-first heap   total 303104K, used 94266K [0x0000000080000000, 0x0000000100000000)
  region size 1024K, 9 young (9216K), 9 survivors (9216K)
 Metaspace       used 86852K, committed 87616K, reserved 557056K
  class space    used 12058K, committed 12416K, reserved 425984K
}
Event: 37.777 GC heap before
{Heap before GC invocations=36 (full 0):
 garbage-first heap   total 303104K, used 209978K [0x0000000080000000, 0x0000000100000000)
  region size 1024K, 122 young (124928K), 9 survivors (9216K)
 Metaspace       used 92303K, committed 93056K, reserved 557056K
  class space    used 13003K, committed 13376K, reserved 425984K
}
Event: 37.795 GC heap after
{Heap after GC invocations=37 (full 0):
 garbage-first heap   total 303104K, used 101230K [0x0000000080000000, 0x0000000100000000)
  region size 1024K, 14 young (14336K), 14 survivors (14336K)
 Metaspace       used 92303K, committed 93056K, reserved 557056K
  class space    used 13003K, committed 13376K, reserved 425984K
}
Event: 39.556 GC heap before
{Heap before GC invocations=37 (full 0):
 garbage-first heap   total 303104K, used 218990K [0x0000000080000000, 0x0000000100000000)
  region size 1024K, 129 young (132096K), 14 survivors (14336K)
 Metaspace       used 101496K, committed 102336K, reserved 557056K
  class space    used 14251K, committed 14656K, reserved 425984K
}
Event: 39.582 GC heap after
{Heap after GC invocations=38 (full 0):
 garbage-first heap   total 303104K, used 108019K [0x0000000080000000, 0x0000000100000000)
  region size 1024K, 14 young (14336K), 14 survivors (14336K)
 Metaspace       used 101496K, committed 102336K, reserved 557056K
  class space    used 14251K, committed 14656K, reserved 425984K
}
Event: 41.531 GC heap before
{Heap before GC invocations=38 (full 0):
 garbage-first heap   total 303104K, used 227827K [0x0000000080000000, 0x0000000100000000)
  region size 1024K, 131 young (134144K), 14 survivors (14336K)
 Metaspace       used 103522K, committed 104384K, reserved 557056K
  class space    used 14460K, committed 14848K, reserved 425984K
}
Event: 41.558 GC heap after
{Heap after GC invocations=39 (full 0):
 garbage-first heap   total 303104K, used 116703K [0x0000000080000000, 0x0000000100000000)
  region size 1024K, 15 young (15360K), 15 survivors (15360K)
 Metaspace       used 103522K, committed 104384K, reserved 557056K
  class space    used 14460K, committed 14848K, reserved 425984K
}
Event: 43.375 GC heap before
{Heap before GC invocations=39 (full 0):
 garbage-first heap   total 303104K, used 231391K [0x0000000080000000, 0x0000000100000000)
  region size 1024K, 128 young (131072K), 15 survivors (15360K)
 Metaspace       used 103688K, committed 104576K, reserved 557056K
  class space    used 14473K, committed 14912K, reserved 425984K
}
Event: 43.404 GC heap after
{Heap after GC invocations=40 (full 0):
 garbage-first heap   total 303104K, used 124205K [0x0000000080000000, 0x0000000100000000)
  region size 1024K, 8 young (8192K), 8 survivors (8192K)
 Metaspace       used 103688K, committed 104576K, reserved 557056K
  class space    used 14473K, committed 14912K, reserved 425984K
}
Event: 45.230 GC heap before
{Heap before GC invocations=40 (full 0):
 garbage-first heap   total 303104K, used 235821K [0x0000000080000000, 0x0000000100000000)
  region size 1024K, 118 young (120832K), 8 survivors (8192K)
 Metaspace       used 104211K, committed 105024K, reserved 557056K
  class space    used 14520K, committed 14912K, reserved 425984K
}
Event: 45.249 GC heap after
{Heap after GC invocations=41 (full 0):
 garbage-first heap   total 303104K, used 127718K [0x0000000080000000, 0x0000000100000000)
  region size 1024K, 12 young (12288K), 12 survivors (12288K)
 Metaspace       used 104211K, committed 105024K, reserved 557056K
  class space    used 14520K, committed 14912K, reserved 425984K
}
Event: 3765.555 GC heap before
{Heap before GC invocations=41 (full 0):
 garbage-first heap   total 303104K, used 245478K [0x0000000080000000, 0x0000000100000000)
  region size 1024K, 123 young (125952K), 12 survivors (12288K)
 Metaspace       used 107335K, committed 108224K, reserved 557056K
  class space    used 14835K, committed 15232K, reserved 425984K
}
Event: 3765.625 GC heap after
{Heap after GC invocations=42 (full 0):
 garbage-first heap   total 303104K, used 131010K [0x0000000080000000, 0x0000000100000000)
  region size 1024K, 9 young (9216K), 9 survivors (9216K)
 Metaspace       used 107335K, committed 108224K, reserved 557056K
  class space    used 14835K, committed 15232K, reserved 425984K
}
Event: 6357.171 GC heap before
{Heap before GC invocations=42 (full 0):
 garbage-first heap   total 303104K, used 245698K [0x0000000080000000, 0x0000000100000000)
  region size 1024K, 121 young (123904K), 9 survivors (9216K)
 Metaspace       used 108133K, committed 108992K, reserved 557056K
  class space    used 14871K, committed 15296K, reserved 425984K
}
Event: 6357.207 GC heap after
{Heap after GC invocations=43 (full 0):
 garbage-first heap   total 303104K, used 139531K [0x0000000080000000, 0x0000000100000000)
  region size 1024K, 16 young (16384K), 16 survivors (16384K)
 Metaspace       used 108133K, committed 108992K, reserved 557056K
  class space    used 14871K, committed 15296K, reserved 425984K
}

